[may]15156-15-37 - 30:37:00.002	[34minfo[0m	E:/Go/go-vue-admin/core/server.go:24	server run success on	{"address": "8888"}
[may]15156-15-37 - 30:37:00.812	[34minfo[0m	E:/Go/go-vue-admin/core/server.go:24	server run success on	{"address": "8888"}
[may]15156-15-37 - 30:37:00.472	[34minfo[0m	E:/Go/go-vue-admin/initialize/gorm.go:28	åˆå§‹åŒ–æ•°æ®åº“è¡¨æˆåŠŸ
[may]15156-15-37 - 30:37:00.502	[34minfo[0m	E:/Go/go-vue-admin/core/server.go:24	server run success on	{"address": "8888"}
[may]161612-16-37 - 30:37:00.707	[34minfo[0m	E:/Go/go-vue-admin/initialize/gorm.go:28	åˆå§‹åŒ–æ•°æ®åº“è¡¨æˆåŠŸ
[may]161612-16-37 - 30:37:00.739	[34minfo[0m	E:/Go/go-vue-admin/core/server.go:30	server run success on	{"address": "8888"}
[may]161612-16-37 - 30:37:00.626	[34minfo[0m	E:/Go/go-vue-admin/initialize/gorm.go:28	åˆå§‹åŒ–æ•°æ®åº“è¡¨æˆåŠŸ
[may]20205-20-37 - 30:37:00.199	[34minfo[0m	E:/Go/go-vue-admin/initialize/gorm.go:28	åˆå§‹åŒ–æ•°æ®åº“è¡¨æˆåŠŸ
[may]21215-21-37 - 30:37:00.556	[34minfo[0m	E:/Go/go-vue-admin/initialize/gorm.go:28	åˆå§‹åŒ–æ•°æ®åº“è¡¨æˆåŠŸ
[may]21215-21-37 - 30:37:00.583	[34minfo[0m	E:/Go/go-vue-admin/initialize/router.go:26	router register sucess
[may]21215-21-37 - 30:37:00.586	[34minfo[0m	E:/Go/go-vue-admin/core/server.go:26	server run success on	{"address": "8888"}
[may]22223-22-37 - 30:37:00.151	[34minfo[0m	E:/Go/go-vue-admin/initialize/gorm.go:28	åˆå§‹åŒ–æ•°æ®åº“è¡¨æˆåŠŸ
[may]22223-22-37 - 30:37:00.177	[34minfo[0m	E:/Go/go-vue-admin/initialize/router.go:26	router register sucess
[may]22223-22-37 - 30:37:00.183	[34minfo[0m	E:/Go/go-vue-admin/core/server.go:25	server run success on	{"address": "8888"}
[may]22223-22-37 - 30:37:00.095	[34minfo[0m	E:/Go/go-vue-admin/initialize/gorm.go:28	åˆå§‹åŒ–æ•°æ®åº“è¡¨æˆåŠŸ
[may]22223-22-37 - 30:37:00.121	[34minfo[0m	E:/Go/go-vue-admin/initialize/router.go:26	router register sucess
[may]22223-22-37 - 30:37:00.136	[34minfo[0m	E:/Go/go-vue-admin/core/server.go:25	server run success on	{"address": "8080"}
[may]22223-22-37 - 30:37:00.834	[34minfo[0m	E:/Go/go-vue-admin/initialize/gorm.go:28	åˆå§‹åŒ–æ•°æ®åº“è¡¨æˆåŠŸ
[may]22223-22-37 - 30:37:00.857	[34minfo[0m	E:/Go/go-vue-admin/initialize/router.go:26	router register sucess
[may]22223-22-37 - 30:37:00.862	[34minfo[0m	E:/Go/go-vue-admin/core/server.go:25	server run success on	{"address": ":8080"}
[may]22223-22-37 - 30:37:00.426	[34minfo[0m	E:/Go/go-vue-admin/initialize/gorm.go:28	åˆå§‹åŒ–æ•°æ®åº“è¡¨æˆåŠŸ
[may]22223-22-37 - 30:37:00.451	[34minfo[0m	E:/Go/go-vue-admin/initialize/router.go:26	router register sucess
[may]22223-22-37 - 30:37:00.454	[34minfo[0m	E:/Go/go-vue-admin/core/server.go:25	server run success on	{"address": ":8080"}
Shansec22225-22-37 - 30:37:00.777	[34minfo[0m	E:/Go/go-vue-admin/initialize/gorm.go:28	åˆå§‹åŒ–æ•°æ®åº“è¡¨æˆåŠŸ
Shansec22225-22-37 - 30:37:00.803	[34minfo[0m	E:/Go/go-vue-admin/initialize/router.go:28	router register sucess
Shansec22225-22-37 - 30:37:00.810	[34minfo[0m	E:/Go/go-vue-admin/core/server.go:25	server run success on	{"address": ":8080"}
Shansec22226-22-37 - 30:37:00.772	[34minfo[0m	E:/Go/go-vue-admin/initialize/gorm.go:28	åˆå§‹åŒ–æ•°æ®åº“è¡¨æˆåŠŸ
Shansec22226-22-37 - 30:37:00.404	[34minfo[0m	E:/Go/go-vue-admin/initialize/gorm.go:28	åˆå§‹åŒ–æ•°æ®åº“è¡¨æˆåŠŸ
Shansec22226-22-37 - 30:37:00.430	[34minfo[0m	E:/Go/go-vue-admin/initialize/router.go:31	router register sucess
Shansec22226-22-37 - 30:37:00.444	[34minfo[0m	E:/Go/go-vue-admin/core/server.go:25	server run success on	{"address": ":8080"}
Shansec22226-22-37 - 30:37:00.131	[34minfo[0m	E:/Go/go-vue-admin/initialize/gorm.go:28	åˆå§‹åŒ–æ•°æ®åº“è¡¨æˆåŠŸ
Shansec22226-22-37 - 30:37:00.155	[34minfo[0m	E:/Go/go-vue-admin/initialize/router.go:31	router register sucess
Shansec22226-22-37 - 30:37:00.168	[34minfo[0m	E:/Go/go-vue-admin/core/server.go:25	server run success on	{"address": ":8080"}
Shansec22226-22-37 - 30:37:00.716	[34minfo[0m	E:/Go/go-vue-admin/initialize/gorm.go:28	åˆå§‹åŒ–æ•°æ®åº“è¡¨æˆåŠŸ
Shansec22226-22-37 - 30:37:00.739	[34minfo[0m	E:/Go/go-vue-admin/initialize/router.go:31	router register sucess
Shansec22226-22-37 - 30:37:00.747	[34minfo[0m	E:/Go/go-vue-admin/core/server.go:25	server run success on	{"address": ":8080"}
Shansec232312-23-37 - 30:37:00.872	[34minfo[0m	E:/Go/go-vue-admin/initialize/gorm.go:28	åˆå§‹åŒ–æ•°æ®åº“è¡¨æˆåŠŸ
Shansec232312-23-37 - 30:37:00.897	[34minfo[0m	E:/Go/go-vue-admin/initialize/router.go:31	router register sucess
Shansec232312-23-37 - 30:37:00.911	[34minfo[0m	E:/Go/go-vue-admin/core/server.go:25	server run success on	{"address": ":8080"}
Shansec232312-23-37 - 30:37:00.303	[34minfo[0m	E:/Go/go-vue-admin/initialize/gorm.go:28	åˆå§‹åŒ–æ•°æ®åº“è¡¨æˆåŠŸ
Shansec232312-23-37 - 30:37:00.327	[34minfo[0m	E:/Go/go-vue-admin/initialize/router.go:31	router register sucess
Shansec232312-23-37 - 30:37:00.332	[34minfo[0m	E:/Go/go-vue-admin/core/server.go:25	server run success on	{"address": ":8080"}
Shansec23232-23-37 - 30:37:00.792	[34minfo[0m	E:/Go/go-vue-admin/initialize/gorm.go:28	åˆå§‹åŒ–æ•°æ®åº“è¡¨æˆåŠŸ
Shansec23232-23-37 - 30:37:00.819	[34minfo[0m	E:/Go/go-vue-admin/initialize/router.go:31	router register sucess
Shansec23232-23-37 - 30:37:00.833	[34minfo[0m	E:/Go/go-vue-admin/core/server.go:25	server run success on	{"address": ":8080"}
Shansec23233-23-37 - 30:37:00.432	[34minfo[0m	E:/Go/go-vue-admin/initialize/gorm.go:28	åˆå§‹åŒ–æ•°æ®åº“è¡¨æˆåŠŸ
Shansec23233-23-37 - 30:37:00.485	[34minfo[0m	E:/Go/go-vue-admin/initialize/router.go:31	router register sucess
Shansec23233-23-37 - 30:37:00.487	[34minfo[0m	E:/Go/go-vue-admin/core/server.go:25	server run success on	{"address": ":8080"}
Shansec24242-24-37 - 30:37:00.433	[34minfo[0m	E:/Go/go-vue-admin/initialize/gorm.go:28	åˆå§‹åŒ–æ•°æ®åº“è¡¨æˆåŠŸ
Shansec24242-24-37 - 30:37:00.469	[34minfo[0m	E:/Go/go-vue-admin/initialize/router.go:31	router register sucess
Shansec24242-24-37 - 30:37:00.472	[34minfo[0m	E:/Go/go-vue-admin/core/server.go:25	server run success on	{"address": ":8080"}
Shansec25252-25-37 - 30:37:00.463	[34minfo[0m	E:/Go/go-vue-admin/initialize/gorm.go:28	åˆå§‹åŒ–æ•°æ®åº“è¡¨æˆåŠŸ
Shansec25252-25-37 - 30:37:00.489	[34minfo[0m	E:/Go/go-vue-admin/initialize/router.go:31	router register sucess
Shansec25252-25-37 - 30:37:00.491	[34minfo[0m	E:/Go/go-vue-admin/core/server.go:25	server run success on	{"address": ":8080"}
Shansec28284-28-67 - 60:67:00.964	[34minfo[0m	E:/Go/src/go-vue-admin/initialize/gorm.go:30	åˆå§‹åŒ–æ•°æ®åº“è¡¨æˆåŠŸ
Shansec28284-28-67 - 60:67:00.988	[34minfo[0m	E:/Go/src/go-vue-admin/initialize/router.go:32	router register sucess
Shansec28284-28-67 - 60:67:00.996	[34minfo[0m	E:/Go/src/go-vue-admin/core/server.go:27	server run success on	{"address": ":8080"}
Shansec29294-29-67 - 60:67:00.423	[34minfo[0m	E:/Go/src/go-vue-admin/initialize/gorm.go:30	åˆå§‹åŒ–æ•°æ®åº“è¡¨æˆåŠŸ
Shansec29294-29-67 - 60:67:00.443	[34minfo[0m	E:/Go/src/go-vue-admin/initialize/router.go:32	router register sucess
Shansec29294-29-67 - 60:67:00.452	[34minfo[0m	E:/Go/src/go-vue-admin/core/server.go:27	server run success on	{"address": ":8080"}
Shansec29295-29-67 - 60:67:00.104	[34minfo[0m	E:/Go/src/go-vue-admin/initialize/gorm.go:30	åˆå§‹åŒ–æ•°æ®åº“è¡¨æˆåŠŸ
Shansec29295-29-67 - 60:67:00.130	[34minfo[0m	E:/Go/src/go-vue-admin/initialize/router.go:32	router register sucess
Shansec29295-29-67 - 60:67:00.145	[34minfo[0m	E:/Go/src/go-vue-admin/core/server.go:27	server run success on	{"address": ":8080"}
Shansec29296-29-67 - 60:67:00.318	[34minfo[0m	E:/Go/src/go-vue-admin/initialize/gorm.go:30	åˆå§‹åŒ–æ•°æ®åº“è¡¨æˆåŠŸ
Shansec29296-29-67 - 60:67:00.373	[34minfo[0m	E:/Go/src/go-vue-admin/initialize/router.go:32	router register sucess
Shansec29296-29-67 - 60:67:00.374	[34minfo[0m	E:/Go/src/go-vue-admin/core/server.go:27	server run success on	{"address": ":8080"}
Shansec29296-29-67 - 60:67:00.961	[34minfo[0m	E:/Go/src/go-vue-admin/initialize/gorm.go:30	åˆå§‹åŒ–æ•°æ®åº“è¡¨æˆåŠŸ
Shansec29296-29-67 - 60:67:00.991	[34minfo[0m	E:/Go/src/go-vue-admin/initialize/router.go:32	router register sucess
Shansec29296-29-67 - 60:67:00.996	[34minfo[0m	E:/Go/src/go-vue-admin/core/server.go:27	server run success on	{"address": ":8080"}
Shansec29296-29-67 - 60:67:00.366	[34minfo[0m	E:/Go/src/go-vue-admin/initialize/gorm.go:30	åˆå§‹åŒ–æ•°æ®åº“è¡¨æˆåŠŸ
Shansec29296-29-67 - 60:67:00.395	[34minfo[0m	E:/Go/src/go-vue-admin/initialize/router.go:32	router register sucess
Shansec29296-29-67 - 60:67:00.407	[34minfo[0m	E:/Go/src/go-vue-admin/core/server.go:27	server run success on	{"address": ":8080"}
Shansec29296-29-67 - 60:67:00.242	[34minfo[0m	E:/Go/src/go-vue-admin/initialize/gorm.go:30	åˆå§‹åŒ–æ•°æ®åº“è¡¨æˆåŠŸ
Shansec29296-29-67 - 60:67:00.271	[34minfo[0m	E:/Go/src/go-vue-admin/initialize/router.go:32	router register sucess
Shansec29296-29-67 - 60:67:00.278	[34minfo[0m	E:/Go/src/go-vue-admin/core/server.go:27	server run success on	{"address": ":8080"}
Shansec303011-30-67 - 60:67:00.111	[34minfo[0m	E:/Go/src/go-vue-admin/initialize/gorm.go:30	åˆå§‹åŒ–æ•°æ®åº“è¡¨æˆåŠŸ
Shansec303011-30-67 - 60:67:00.138	[34minfo[0m	E:/Go/src/go-vue-admin/initialize/router.go:32	router register sucess
Shansec303011-30-67 - 60:67:00.148	[34minfo[0m	E:/Go/src/go-vue-admin/core/server.go:27	server run success on	{"address": ":8080"}
Shansec303011-30-67 - 60:67:00.387	[34minfo[0m	E:/Go/src/go-vue-admin/initialize/gorm.go:30	åˆå§‹åŒ–æ•°æ®åº“è¡¨æˆåŠŸ
Shansec303011-30-67 - 60:67:00.411	[34minfo[0m	E:/Go/src/go-vue-admin/initialize/router.go:32	router register sucess
Shansec303011-30-67 - 60:67:00.422	[34minfo[0m	E:/Go/src/go-vue-admin/core/server.go:27	server run success on	{"address": ":8080"}
Shansec30303-30-67 - 60:67:00.887	[34minfo[0m	E:/Go/src/go-vue-admin/initialize/gorm.go:30	åˆå§‹åŒ–æ•°æ®åº“è¡¨æˆåŠŸ
Shansec30303-30-67 - 60:67:00.912	[34minfo[0m	E:/Go/src/go-vue-admin/initialize/router.go:32	router register sucess
Shansec30303-30-67 - 60:67:00.914	[34minfo[0m	E:/Go/src/go-vue-admin/core/server.go:27	server run success on	{"address": ":8080"}
Shansec30304-30-67 - 60:67:00.060	[34minfo[0m	E:/Go/src/go-vue-admin/initialize/gorm.go:30	åˆå§‹åŒ–æ•°æ®åº“è¡¨æˆåŠŸ
Shansec30304-30-67 - 60:67:00.120	[34minfo[0m	E:/Go/src/go-vue-admin/initialize/router.go:32	router register sucess
Shansec30304-30-67 - 60:67:00.142	[34minfo[0m	E:/Go/src/go-vue-admin/core/server.go:27	server run success on	{"address": ":8080"}
Shansec3036-03-77 - 70:77:00.001	[34minfo[0m	E:/Go/src/go-vue-admin/initialize/gorm.go:30	åˆå§‹åŒ–æ•°æ®åº“è¡¨æˆåŠŸ
Shansec3036-03-77 - 70:77:00.026	[34minfo[0m	E:/Go/src/go-vue-admin/initialize/router.go:32	router register sucess
Shansec3036-03-77 - 70:77:00.037	[34minfo[0m	E:/Go/src/go-vue-admin/core/server.go:27	server run success on	{"address": ":8080"}
Shansec4042-04-77 - 70:77:00.889	[34minfo[0m	E:/Go/src/go-vue-admin/initialize/gorm.go:30	åˆå§‹åŒ–æ•°æ®åº“è¡¨æˆåŠŸ
Shansec4042-04-77 - 70:77:00.913	[34minfo[0m	E:/Go/src/go-vue-admin/initialize/router.go:32	router register sucess
Shansec4042-04-77 - 70:77:00.925	[34minfo[0m	E:/Go/src/go-vue-admin/core/server.go:27	server run success on	{"address": ":8080"}
Shansec4043-04-77 - 70:77:00.468	[34minfo[0m	E:/Go/src/go-vue-admin/initialize/gorm.go:30	åˆå§‹åŒ–æ•°æ®åº“è¡¨æˆåŠŸ
Shansec4043-04-77 - 70:77:00.497	[34minfo[0m	E:/Go/src/go-vue-admin/initialize/router.go:32	router register sucess
Shansec4043-04-77 - 70:77:00.498	[34minfo[0m	E:/Go/src/go-vue-admin/core/server.go:27	server run success on	{"address": ":8080"}
Shansec5056-05-77 - 70:77:00.619	[34minfo[0m	E:/Go/src/go-vue-admin/initialize/gorm.go:30	åˆå§‹åŒ–æ•°æ®åº“è¡¨æˆåŠŸ
Shansec5056-05-77 - 70:77:00.641	[34minfo[0m	E:/Go/src/go-vue-admin/initialize/router.go:32	router register sucess
Shansec5056-05-77 - 70:77:00.649	[34minfo[0m	E:/Go/src/go-vue-admin/core/server.go:27	server run success on	{"address": ":8080"}
Shansec6065-06-77 - 70:77:00.201	[34minfo[0m	E:/Go/src/go-vue-admin/initialize/gorm.go:30	åˆå§‹åŒ–æ•°æ®åº“è¡¨æˆåŠŸ
Shansec6065-06-77 - 70:77:00.226	[34minfo[0m	E:/Go/src/go-vue-admin/initialize/router.go:32	router register sucess
Shansec6065-06-77 - 70:77:00.232	[34minfo[0m	E:/Go/src/go-vue-admin/core/server.go:27	server run success on	{"address": ":8080"}
Shansec13136-13-77 - 70:77:00.831	[34minfo[0m	E:/Go/src/go-vue-admin/initialize/gorm.go:30	åˆå§‹åŒ–æ•°æ®åº“è¡¨æˆåŠŸ
Shansec13136-13-77 - 70:77:00.853	[34minfo[0m	E:/Go/src/go-vue-admin/initialize/router.go:32	router register sucess
Shansec13136-13-77 - 70:77:00.868	[34minfo[0m	E:/Go/src/go-vue-admin/core/server.go:27	server run success on	{"address": ":8080"}
Shansec22225-22-77 - 70:77:00.452	[34minfo[0m	E:/Go/src/go-vue-admin/initialize/gorm.go:30	åˆå§‹åŒ–æ•°æ®åº“è¡¨æˆåŠŸ
Shansec22225-22-77 - 70:77:00.473	[34minfo[0m	E:/Go/src/go-vue-admin/initialize/router.go:32	router register sucess
Shansec22225-22-77 - 70:77:00.475	[34minfo[0m	E:/Go/src/go-vue-admin/core/server.go:27	server run success on	{"address": ":8080"}
Shansec25255-25-77 - 70:77:00.767	[34minfo[0m	E:/Go/src/go-vue-admin/initialize/gorm.go:30	åˆå§‹åŒ–æ•°æ®åº“è¡¨æˆåŠŸ
Shansec25255-25-77 - 70:77:00.792	[34minfo[0m	E:/Go/src/go-vue-admin/initialize/router.go:32	router register sucess
Shansec25255-25-77 - 70:77:00.797	[34minfo[0m	E:/Go/src/go-vue-admin/core/server.go:27	server run success on	{"address": ":8080"}
Shansec262610-26-77 - 70:77:00.764	[34minfo[0m	E:/Go/src/go-vue-admin/initialize/gorm.go:30	åˆå§‹åŒ–æ•°æ®åº“è¡¨æˆåŠŸ
Shansec262610-26-77 - 70:77:00.787	[34minfo[0m	E:/Go/src/go-vue-admin/initialize/router.go:32	router register sucess
Shansec262610-26-77 - 70:77:00.790	[34minfo[0m	E:/Go/src/go-vue-admin/core/server.go:27	server run success on	{"address": ":8080"}
Shansec26262-26-77 - 70:77:00.220	[34minfo[0m	E:/Go/src/go-vue-admin/initialize/gorm.go:30	åˆå§‹åŒ–æ•°æ®åº“è¡¨æˆåŠŸ
Shansec26262-26-77 - 70:77:00.249	[34minfo[0m	E:/Go/src/go-vue-admin/initialize/router.go:32	router register sucess
Shansec26262-26-77 - 70:77:00.261	[34minfo[0m	E:/Go/src/go-vue-admin/core/server.go:27	server run success on	{"address": ":8080"}
Shansec24242-24-87 - 80:87:00.297	[34minfo[0m	E:/Go/src/go-vue-admin/initialize/gorm.go:30	åˆå§‹åŒ–æ•°æ®åº“è¡¨æˆåŠŸ
Shansec24242-24-87 - 80:87:00.318	[34minfo[0m	E:/Go/src/go-vue-admin/initialize/router.go:32	router register sucess
Shansec24242-24-87 - 80:87:00.318	[34minfo[0m	E:/Go/src/go-vue-admin/core/server.go:27	server run success on	{"address": ":8080"}
Shansec24242-24-87 - 80:87:00.295	[34minfo[0m	E:/Go/src/go-vue-admin/initialize/gorm.go:30	åˆå§‹åŒ–æ•°æ®åº“è¡¨æˆåŠŸ
Shansec24242-24-87 - 80:87:00.319	[34minfo[0m	E:/Go/src/go-vue-admin/initialize/router.go:32	router register sucess
Shansec24242-24-87 - 80:87:00.325	[34minfo[0m	E:/Go/src/go-vue-admin/core/server.go:27	server run success on	{"address": ":8080"}
Shansec24243-24-87 - 80:87:00.328	[34minfo[0m	E:/Go/src/go-vue-admin/initialize/gorm.go:30	åˆå§‹åŒ–æ•°æ®åº“è¡¨æˆåŠŸ
Shansec24243-24-87 - 80:87:00.354	[34minfo[0m	E:/Go/src/go-vue-admin/initialize/router.go:32	router register sucess
Shansec24243-24-87 - 80:87:00.360	[34minfo[0m	E:/Go/src/go-vue-admin/core/server.go:27	server run success on	{"address": ":8080"}
Shansec11114-11-107 - 100:107:00.216	[34minfo[0m	E:/minor/Go/src/go-vue-admin/initialize/gorm.go:30	åˆå§‹åŒ–æ•°æ®åº“è¡¨æˆåŠŸ
Shansec11114-11-107 - 100:107:00.239	[34minfo[0m	E:/minor/Go/src/go-vue-admin/initialize/router.go:32	router register sucess
Shansec11114-11-107 - 100:107:00.240	[34minfo[0m	E:/minor/Go/src/go-vue-admin/core/server.go:27	server run success on	{"address": ":8080"}
Shansec17174-17-107 - 100:107:00.605	[34minfo[0m	E:/minor/Go/src/go-vue-admin/initialize/gorm.go:30	åˆå§‹åŒ–æ•°æ®åº“è¡¨æˆåŠŸ
Shansec17174-17-107 - 100:107:00.627	[34minfo[0m	E:/minor/Go/src/go-vue-admin/initialize/router.go:32	router register sucess
Shansec17174-17-107 - 100:107:00.634	[34minfo[0m	E:/minor/Go/src/go-vue-admin/core/server.go:27	server run success on	{"address": ":8080"}
Shansec181810-18-107 - 100:107:00.650	[34minfo[0m	E:/minor/Go/src/go-vue-admin/initialize/gorm.go:30	åˆå§‹åŒ–æ•°æ®åº“è¡¨æˆåŠŸ
Shansec181810-18-107 - 100:107:00.674	[34minfo[0m	E:/minor/Go/src/go-vue-admin/initialize/router.go:32	router register sucess
Shansec181810-18-107 - 100:107:00.683	[34minfo[0m	E:/minor/Go/src/go-vue-admin/core/server.go:27	server run success on	{"address": ":8080"}
Shansec18184-18-107 - 100:107:00.180	[34minfo[0m	/workspaces/go-vue-admin/initialize/router.go:32	router register sucess
Shansec18184-18-107 - 100:107:00.180	[34minfo[0m	/workspaces/go-vue-admin/core/server.go:27	server run success on	{"address": ":8080"}
Shansec18188-18-107 - 100:107:00.192	[34minfo[0m	/workspaces/go-vue-admin/initialize/router.go:32	router register sucess
Shansec18188-18-107 - 100:107:00.193	[34minfo[0m	/workspaces/go-vue-admin/core/server.go:27	server run success on	{"address": ":8080"}
Shansec18188-18-107 - 100:107:00.577	[34minfo[0m	/workspaces/go-vue-admin/initialize/router.go:32	router register sucess
Shansec18188-18-107 - 100:107:00.579	[34minfo[0m	/workspaces/go-vue-admin/core/server.go:27	server run success on	{"address": ":8080"}
Shansec18188-18-107 - 100:107:00.563	[34minfo[0m	/workspaces/go-vue-admin/initialize/router.go:32	router register sucess
Shansec18188-18-107 - 100:107:00.563	[34minfo[0m	/workspaces/go-vue-admin/core/server.go:27	server run success on	{"address": ":8080"}
Shansec18188-18-107 - 100:107:00.034	[34minfo[0m	/workspaces/go-vue-admin/initialize/gorm.go:30	åˆå§‹åŒ–æ•°æ®åº“è¡¨æˆåŠŸ
Shansec18188-18-107 - 100:107:00.034	[34minfo[0m	/workspaces/go-vue-admin/initialize/router.go:32	router register sucess
Shansec18188-18-107 - 100:107:00.034	[34minfo[0m	/workspaces/go-vue-admin/core/server.go:27	server run success on	{"address": ":8080"}
Shansec18189-18-107 - 100:107:00.997	[34minfo[0m	/workspaces/go-vue-admin/initialize/gorm.go:30	åˆå§‹åŒ–æ•°æ®åº“è¡¨æˆåŠŸ
Shansec18189-18-107 - 100:107:00.997	[34minfo[0m	/workspaces/go-vue-admin/initialize/router.go:32	router register sucess
Shansec18189-18-107 - 100:107:00.997	[34minfo[0m	/workspaces/go-vue-admin/core/server.go:27	server run success on	{"address": ":8080"}
Shansec18189-18-107 - 100:107:00.276	[34minfo[0m	/workspaces/go-vue-admin/initialize/gorm.go:30	åˆå§‹åŒ–æ•°æ®åº“è¡¨æˆåŠŸ
Shansec18189-18-107 - 100:107:00.276	[34minfo[0m	/workspaces/go-vue-admin/initialize/router.go:32	router register sucess
Shansec18189-18-107 - 100:107:00.276	[34minfo[0m	/workspaces/go-vue-admin/core/server.go:27	server run success on	{"address": ":8080"}
Shansec18189-18-107 - 100:107:00.513	[34minfo[0m	/workspaces/go-vue-admin/initialize/gorm.go:30	åˆå§‹åŒ–æ•°æ®åº“è¡¨æˆåŠŸ
Shansec18189-18-107 - 100:107:00.514	[34minfo[0m	/workspaces/go-vue-admin/initialize/router.go:32	router register sucess
Shansec18189-18-107 - 100:107:00.514	[34minfo[0m	/workspaces/go-vue-admin/core/server.go:27	server run success on	{"address": ":8080"}
Shansec18189-18-107 - 100:107:00.443	[34minfo[0m	/workspaces/go-vue-admin/initialize/gorm.go:30	åˆå§‹åŒ–æ•°æ®åº“è¡¨æˆåŠŸ
Shansec18189-18-107 - 100:107:00.444	[34minfo[0m	/workspaces/go-vue-admin/initialize/router.go:32	router register sucess
Shansec18189-18-107 - 100:107:00.444	[34minfo[0m	/workspaces/go-vue-admin/core/server.go:27	server run success on	{"address": ":8080"}
Shansec181810-18-107 - 100:107:00.752	[34minfo[0m	/workspaces/go-vue-admin/initialize/gorm.go:30	åˆå§‹åŒ–æ•°æ®åº“è¡¨æˆåŠŸ
Shansec181810-18-107 - 100:107:00.752	[34minfo[0m	/workspaces/go-vue-admin/initialize/router.go:32	router register sucess
Shansec181810-18-107 - 100:107:00.753	[34minfo[0m	/workspaces/go-vue-admin/core/server.go:27	server run success on	{"address": ":8080"}
Shansec181810-18-107 - 100:107:00.841	[34minfo[0m	/workspaces/go-vue-admin/initialize/gorm.go:30	åˆå§‹åŒ–æ•°æ®åº“è¡¨æˆåŠŸ
Shansec181810-18-107 - 100:107:00.842	[34minfo[0m	/workspaces/go-vue-admin/initialize/router.go:32	router register sucess
Shansec181810-18-107 - 100:107:00.842	[34minfo[0m	/workspaces/go-vue-admin/core/server.go:27	server run success on	{"address": ":8080"}
Shansec19193-19-107 - 100:107:00.895	[34minfo[0m	/workspaces/go-vue-admin/initialize/gorm.go:30	åˆå§‹åŒ–æ•°æ®åº“è¡¨æˆåŠŸ
Shansec19193-19-107 - 100:107:00.898	[34minfo[0m	/workspaces/go-vue-admin/initialize/router.go:32	router register sucess
Shansec19193-19-107 - 100:107:00.898	[34minfo[0m	/workspaces/go-vue-admin/core/server.go:27	server run success on	{"address": ":8080"}
Shansec19197-19-107 - 100:107:00.597	[34minfo[0m	/workspaces/go-vue-admin/initialize/gorm.go:30	åˆå§‹åŒ–æ•°æ®åº“è¡¨æˆåŠŸ
Shansec19197-19-107 - 100:107:00.598	[34minfo[0m	/workspaces/go-vue-admin/initialize/router.go:32	router register sucess
Shansec19197-19-107 - 100:107:00.598	[34minfo[0m	/workspaces/go-vue-admin/core/server.go:27	server run success on	{"address": ":8080"}
Shansec19198-19-107 - 100:107:00.314	[34minfo[0m	/workspaces/go-vue-admin/initialize/gorm.go:31	åˆå§‹åŒ–æ•°æ®åº“è¡¨æˆåŠŸ
Shansec19198-19-107 - 100:107:00.316	[34minfo[0m	/workspaces/go-vue-admin/initialize/router.go:32	router register sucess
Shansec19198-19-107 - 100:107:00.316	[34minfo[0m	/workspaces/go-vue-admin/core/server.go:27	server run success on	{"address": ":8080"}
Shansec202012-20-107 - 100:107:00.401	[34minfo[0m	E:/minor/Go/src/go-vue-admin/initialize/gorm.go:32	åˆå§‹åŒ–æ•°æ®åº“è¡¨æˆåŠŸ
Shansec202012-20-107 - 100:107:00.423	[34minfo[0m	E:/minor/Go/src/go-vue-admin/initialize/router.go:32	router register sucess
Shansec202012-20-107 - 100:107:00.439	[34minfo[0m	E:/minor/Go/src/go-vue-admin/core/server.go:27	server run success on	{"address": ":8080"}
Shansec202012-20-107 - 100:107:00.188	[34minfo[0m	E:/minor/Go/src/go-vue-admin/initialize/gorm.go:32	åˆå§‹åŒ–æ•°æ®åº“è¡¨æˆåŠŸ
Shansec202012-20-107 - 100:107:00.210	[34minfo[0m	E:/minor/Go/src/go-vue-admin/initialize/router.go:32	router register sucess
Shansec202012-20-107 - 100:107:00.224	[34minfo[0m	E:/minor/Go/src/go-vue-admin/core/server.go:27	server run success on	{"address": ":8080"}
Shansec202012-20-107 - 100:107:00.004	[34minfo[0m	E:/minor/Go/src/go-vue-admin/initialize/gorm.go:32	åˆå§‹åŒ–æ•°æ®åº“è¡¨æˆåŠŸ
Shansec202012-20-107 - 100:107:00.027	[34minfo[0m	E:/minor/Go/src/go-vue-admin/initialize/router.go:32	router register sucess
Shansec202012-20-107 - 100:107:00.041	[34minfo[0m	E:/minor/Go/src/go-vue-admin/core/server.go:27	server run success on	{"address": ":8080"}
Shansec20203-20-107 - 100:107:00.275	[34minfo[0m	E:/minor/Go/src/go-vue-admin/initialize/gorm.go:32	åˆå§‹åŒ–æ•°æ®åº“è¡¨æˆåŠŸ
Shansec20203-20-107 - 100:107:00.300	[34minfo[0m	E:/minor/Go/src/go-vue-admin/initialize/router.go:32	router register sucess
Shansec20203-20-107 - 100:107:00.305	[34minfo[0m	E:/minor/Go/src/go-vue-admin/core/server.go:27	server run success on	{"address": ":8080"}
Shansec20203-20-107 - 100:107:00.363	[34minfo[0m	E:/minor/Go/src/go-vue-admin/initialize/gorm.go:30	åˆå§‹åŒ–æ•°æ®åº“è¡¨æˆåŠŸ
Shansec20203-20-107 - 100:107:00.387	[34minfo[0m	E:/minor/Go/src/go-vue-admin/initialize/router.go:32	router register sucess
Shansec20203-20-107 - 100:107:00.397	[34minfo[0m	E:/minor/Go/src/go-vue-admin/core/server.go:27	server run success on	{"address": ":8080"}
Shansec20204-20-107 - 100:107:00.750	[34minfo[0m	E:/minor/Go/src/go-vue-admin/initialize/gorm.go:30	åˆå§‹åŒ–æ•°æ®åº“è¡¨æˆåŠŸ
Shansec20204-20-107 - 100:107:00.772	[34minfo[0m	E:/minor/Go/src/go-vue-admin/initialize/router.go:32	router register sucess
Shansec20204-20-107 - 100:107:00.785	[34minfo[0m	E:/minor/Go/src/go-vue-admin/core/server.go:27	server run success on	{"address": ":8080"}
Shansec20204-20-107 - 100:107:00.754	[34minfo[0m	E:/minor/Go/src/go-vue-admin/initialize/gorm.go:30	åˆå§‹åŒ–æ•°æ®åº“è¡¨æˆåŠŸ
Shansec20204-20-107 - 100:107:00.776	[34minfo[0m	E:/minor/Go/src/go-vue-admin/initialize/router.go:32	router register sucess
Shansec20204-20-107 - 100:107:00.787	[34minfo[0m	E:/minor/Go/src/go-vue-admin/core/server.go:27	server run success on	{"address": ":8080"}
Shansec20204-20-107 - 100:107:00.774	[34minfo[0m	E:/minor/Go/src/go-vue-admin/initialize/gorm.go:30	åˆå§‹åŒ–æ•°æ®åº“è¡¨æˆåŠŸ
Shansec20204-20-107 - 100:107:00.799	[34minfo[0m	E:/minor/Go/src/go-vue-admin/initialize/router.go:32	router register sucess
Shansec20204-20-107 - 100:107:00.816	[34minfo[0m	E:/minor/Go/src/go-vue-admin/core/server.go:27	server run success on	{"address": ":8080"}
Shansec20204-20-107 - 100:107:00.637	[34minfo[0m	E:/minor/Go/src/go-vue-admin/initialize/gorm.go:30	åˆå§‹åŒ–æ•°æ®åº“è¡¨æˆåŠŸ
Shansec20204-20-107 - 100:107:00.660	[34minfo[0m	E:/minor/Go/src/go-vue-admin/initialize/router.go:32	router register sucess
Shansec20204-20-107 - 100:107:00.661	[34minfo[0m	E:/minor/Go/src/go-vue-admin/core/server.go:27	server run success on	{"address": ":8080"}
Shansec20204-20-107 - 100:107:00.262	[34minfo[0m	E:/minor/Go/src/go-vue-admin/initialize/gorm.go:30	åˆå§‹åŒ–æ•°æ®åº“è¡¨æˆåŠŸ
Shansec20204-20-107 - 100:107:00.284	[34minfo[0m	E:/minor/Go/src/go-vue-admin/initialize/router.go:32	router register sucess
Shansec20204-20-107 - 100:107:00.295	[34minfo[0m	E:/minor/Go/src/go-vue-admin/core/server.go:27	server run success on	{"address": ":8080"}
Shansec20204-20-107 - 100:107:00.720	[34minfo[0m	E:/minor/Go/src/go-vue-admin/initialize/gorm.go:30	åˆå§‹åŒ–æ•°æ®åº“è¡¨æˆåŠŸ
Shansec20204-20-107 - 100:107:00.741	[34minfo[0m	E:/minor/Go/src/go-vue-admin/initialize/router.go:32	router register sucess
Shansec20204-20-107 - 100:107:00.747	[34minfo[0m	E:/minor/Go/src/go-vue-admin/core/server.go:27	server run success on	{"address": ":8080"}
Shansec20204-20-107 - 100:107:00.293	[34minfo[0m	E:/minor/Go/src/go-vue-admin/initialize/gorm.go:30	åˆå§‹åŒ–æ•°æ®åº“è¡¨æˆåŠŸ
Shansec20204-20-107 - 100:107:00.315	[34minfo[0m	E:/minor/Go/src/go-vue-admin/initialize/router.go:32	router register sucess
Shansec20204-20-107 - 100:107:00.324	[34minfo[0m	E:/minor/Go/src/go-vue-admin/core/server.go:27	server run success on	{"address": ":8080"}
Shansec20204-20-107 - 100:107:00.687	[34minfo[0m	E:/minor/Go/src/go-vue-admin/initialize/gorm.go:30	åˆå§‹åŒ–æ•°æ®åº“è¡¨æˆåŠŸ
Shansec20204-20-107 - 100:107:00.712	[34minfo[0m	E:/minor/Go/src/go-vue-admin/initialize/router.go:32	router register sucess
Shansec20204-20-107 - 100:107:00.726	[34minfo[0m	E:/minor/Go/src/go-vue-admin/core/server.go:27	server run success on	{"address": ":8080"}
Shansec20204-20-107 - 100:107:00.079	[34minfo[0m	E:/minor/Go/src/go-vue-admin/initialize/gorm.go:30	åˆå§‹åŒ–æ•°æ®åº“è¡¨æˆåŠŸ
Shansec20204-20-107 - 100:107:00.102	[34minfo[0m	E:/minor/Go/src/go-vue-admin/initialize/router.go:32	router register sucess
Shansec20204-20-107 - 100:107:00.112	[34minfo[0m	E:/minor/Go/src/go-vue-admin/core/server.go:27	server run success on	{"address": ":8080"}
Shansec20204-20-107 - 100:107:00.143	[34minfo[0m	E:/minor/Go/src/go-vue-admin/initialize/gorm.go:30	åˆå§‹åŒ–æ•°æ®åº“è¡¨æˆåŠŸ
Shansec20204-20-107 - 100:107:00.166	[34minfo[0m	E:/minor/Go/src/go-vue-admin/initialize/router.go:32	router register sucess
Shansec20204-20-107 - 100:107:00.171	[34minfo[0m	E:/minor/Go/src/go-vue-admin/core/server.go:27	server run success on	{"address": ":8080"}
Shansec20204-20-107 - 100:107:00.498	[34minfo[0m	E:/minor/Go/src/go-vue-admin/initialize/gorm.go:30	åˆå§‹åŒ–æ•°æ®åº“è¡¨æˆåŠŸ
Shansec20204-20-107 - 100:107:00.520	[34minfo[0m	E:/minor/Go/src/go-vue-admin/initialize/router.go:32	router register sucess
Shansec20204-20-107 - 100:107:00.526	[34minfo[0m	E:/minor/Go/src/go-vue-admin/core/server.go:27	server run success on	{"address": ":8080"}
Shansec20204-20-107 - 100:107:00.633	[34minfo[0m	E:/minor/Go/src/go-vue-admin/initialize/gorm.go:30	åˆå§‹åŒ–æ•°æ®åº“è¡¨æˆåŠŸ
Shansec20204-20-107 - 100:107:00.657	[34minfo[0m	E:/minor/Go/src/go-vue-admin/initialize/router.go:32	router register sucess
Shansec20204-20-107 - 100:107:00.665	[34minfo[0m	E:/minor/Go/src/go-vue-admin/core/server.go:27	server run success on	{"address": ":8080"}
Shansec20204-20-107 - 100:107:00.444	[34minfo[0m	E:/minor/Go/src/go-vue-admin/initialize/gorm.go:30	åˆå§‹åŒ–æ•°æ®åº“è¡¨æˆåŠŸ
Shansec20204-20-107 - 100:107:00.474	[34minfo[0m	E:/minor/Go/src/go-vue-admin/initialize/router.go:32	router register sucess
Shansec20204-20-107 - 100:107:00.480	[34minfo[0m	E:/minor/Go/src/go-vue-admin/core/server.go:27	server run success on	{"address": ":8080"}
Shansec20205-20-107 - 100:107:00.254	[34minfo[0m	E:/minor/Go/src/go-vue-admin/initialize/gorm.go:30	åˆå§‹åŒ–æ•°æ®åº“è¡¨æˆåŠŸ
Shansec20205-20-107 - 100:107:00.280	[34minfo[0m	E:/minor/Go/src/go-vue-admin/initialize/router.go:32	router register sucess
Shansec20205-20-107 - 100:107:00.288	[34minfo[0m	E:/minor/Go/src/go-vue-admin/core/server.go:27	server run success on	{"address": ":8080"}
Shansec212110-21-107 - 100:107:00.411	[34minfo[0m	E:/minor/Go/src/go-vue-admin/initialize/gorm.go:30	åˆå§‹åŒ–æ•°æ®åº“è¡¨æˆåŠŸ
Shansec212110-21-107 - 100:107:00.437	[34minfo[0m	E:/minor/Go/src/go-vue-admin/initialize/router.go:32	router register sucess
Shansec212110-21-107 - 100:107:00.445	[34minfo[0m	E:/minor/Go/src/go-vue-admin/core/server.go:27	server run success on	{"address": ":8080"}
Shansec232312-23-107 - 100:107:00.395	[34minfo[0m	E:/minor/Go/src/go-vue-admin/initialize/gorm.go:30	åˆå§‹åŒ–æ•°æ®åº“è¡¨æˆåŠŸ
Shansec232312-23-107 - 100:107:00.417	[34minfo[0m	E:/minor/Go/src/go-vue-admin/initialize/router.go:32	router register sucess
Shansec232312-23-107 - 100:107:00.425	[34minfo[0m	E:/minor/Go/src/go-vue-admin/core/server.go:27	server run success on	{"address": ":8080"}
Shansec23232-23-107 - 100:107:00.718	[34minfo[0m	E:/minor/Go/src/go-vue-admin/initialize/gorm.go:30	åˆå§‹åŒ–æ•°æ®åº“è¡¨æˆåŠŸ
Shansec23232-23-107 - 100:107:00.742	[34minfo[0m	E:/minor/Go/src/go-vue-admin/initialize/router.go:32	router register sucess
Shansec23232-23-107 - 100:107:00.747	[34minfo[0m	E:/minor/Go/src/go-vue-admin/core/server.go:27	server run success on	{"address": ":8080"}
Shansec23232-23-107 - 100:107:00.763	[34minfo[0m	E:/minor/Go/src/go-vue-admin/initialize/gorm.go:30	åˆå§‹åŒ–æ•°æ®åº“è¡¨æˆåŠŸ
Shansec23232-23-107 - 100:107:00.788	[34minfo[0m	E:/minor/Go/src/go-vue-admin/initialize/router.go:32	router register sucess
Shansec23232-23-107 - 100:107:00.790	[34minfo[0m	E:/minor/Go/src/go-vue-admin/core/server.go:27	server run success on	{"address": ":8080"}
Shansec242410-24-107 - 100:107:00.968	[34minfo[0m	E:/minor/Go/src/go-vue-admin/initialize/gorm.go:30	åˆå§‹åŒ–æ•°æ®åº“è¡¨æˆåŠŸ
Shansec242410-24-107 - 100:107:00.991	[34minfo[0m	E:/minor/Go/src/go-vue-admin/initialize/router.go:32	router register sucess
Shansec242410-24-107 - 100:107:00.006	[34minfo[0m	E:/minor/Go/src/go-vue-admin/core/server.go:27	server run success on	{"address": ":8080"}
Shansec24243-24-107 - 100:107:00.478	[34minfo[0m	E:/minor/Go/src/go-vue-admin/initialize/gorm.go:30	åˆå§‹åŒ–æ•°æ®åº“è¡¨æˆåŠŸ
Shansec24243-24-107 - 100:107:00.508	[34minfo[0m	E:/minor/Go/src/go-vue-admin/initialize/router.go:32	router register sucess
Shansec24243-24-107 - 100:107:00.522	[34minfo[0m	E:/minor/Go/src/go-vue-admin/core/server.go:27	server run success on	{"address": ":8080"}
Shansec24245-24-107 - 100:107:00.667	[34minfo[0m	E:/minor/Go/src/go-vue-admin/initialize/gorm.go:30	åˆå§‹åŒ–æ•°æ®åº“è¡¨æˆåŠŸ
Shansec24245-24-107 - 100:107:00.689	[34minfo[0m	E:/minor/Go/src/go-vue-admin/initialize/router.go:32	router register sucess
Shansec24245-24-107 - 100:107:00.695	[34minfo[0m	E:/minor/Go/src/go-vue-admin/core/server.go:27	server run success on	{"address": ":8080"}
Shansec26264-26-107 - 100:107:00.623	[34minfo[0m	E:/minor/Go/src/go-vue-admin/initialize/gorm.go:30	åˆå§‹åŒ–æ•°æ®åº“è¡¨æˆåŠŸ
Shansec26264-26-107 - 100:107:00.652	[34minfo[0m	E:/minor/Go/src/go-vue-admin/initialize/router.go:32	router register sucess
Shansec26264-26-107 - 100:107:00.656	[34minfo[0m	E:/minor/Go/src/go-vue-admin/core/server.go:27	server run success on	{"address": ":8080"}
Shansec27274-27-107 - 100:107:00.818	[34minfo[0m	E:/minor/Go/src/go-vue-admin/initialize/gorm.go:30	åˆå§‹åŒ–æ•°æ®åº“è¡¨æˆåŠŸ
Shansec27274-27-107 - 100:107:00.844	[34minfo[0m	E:/minor/Go/src/go-vue-admin/initialize/router.go:32	router register sucess
Shansec27274-27-107 - 100:107:00.853	[34minfo[0m	E:/minor/Go/src/go-vue-admin/core/server.go:27	server run success on	{"address": ":8080"}
Shansec282810-28-107 - 100:107:00.752	[34minfo[0m	E:/minor/Go/src/go-vue-admin/initialize/gorm.go:30	åˆå§‹åŒ–æ•°æ®åº“è¡¨æˆåŠŸ
Shansec282810-28-107 - 100:107:00.776	[34minfo[0m	E:/minor/Go/src/go-vue-admin/initialize/router.go:32	router register sucess
Shansec282810-28-107 - 100:107:00.791	[34minfo[0m	E:/minor/Go/src/go-vue-admin/core/server.go:27	server run success on	{"address": ":8080"}
Shansec28283-28-107 - 100:107:00.293	[34minfo[0m	E:/minor/Go/src/go-vue-admin/initialize/gorm.go:30	åˆå§‹åŒ–æ•°æ®åº“è¡¨æˆåŠŸ
Shansec28283-28-107 - 100:107:00.315	[34minfo[0m	E:/minor/Go/src/go-vue-admin/initialize/router.go:32	router register sucess
Shansec28283-28-107 - 100:107:00.324	[34minfo[0m	E:/minor/Go/src/go-vue-admin/core/server.go:27	server run success on	{"address": ":8080"}
Shansec31314-31-107 - 100:107:00.551	[34minfo[0m	E:/minor/Go/src/go-vue-admin/initialize/gorm.go:30	åˆå§‹åŒ–æ•°æ®åº“è¡¨æˆåŠŸ
Shansec31314-31-107 - 100:107:00.579	[34minfo[0m	E:/minor/Go/src/go-vue-admin/initialize/router.go:32	router register sucess
Shansec31314-31-107 - 100:107:00.589	[34minfo[0m	E:/minor/Go/src/go-vue-admin/core/server.go:27	server run success on	{"address": ":8080"}
Shansec31314-31-107 - 100:107:00.235	[34minfo[0m	E:/minor/Go/src/go-vue-admin/initialize/gorm.go:30	åˆå§‹åŒ–æ•°æ®åº“è¡¨æˆåŠŸ
Shansec31314-31-107 - 100:107:00.260	[34minfo[0m	E:/minor/Go/src/go-vue-admin/initialize/router.go:32	router register sucess
Shansec31314-31-107 - 100:107:00.265	[34minfo[0m	E:/minor/Go/src/go-vue-admin/core/server.go:27	server run success on	{"address": ":8080"}
Shansec31316-31-107 - 100:107:00.649	[34minfo[0m	E:/minor/Go/src/go-vue-admin/initialize/gorm.go:30	åˆå§‹åŒ–æ•°æ®åº“è¡¨æˆåŠŸ
Shansec31316-31-107 - 100:107:00.684	[34minfo[0m	E:/minor/Go/src/go-vue-admin/initialize/router.go:32	router register sucess
Shansec31316-31-107 - 100:107:00.692	[34minfo[0m	E:/minor/Go/src/go-vue-admin/core/server.go:27	server run success on	{"address": ":8080"}
Shansec3033-03-117 - 110:117:00.080	[34minfo[0m	E:/minor/Go/src/go-vue-admin/initialize/gorm.go:30	åˆå§‹åŒ–æ•°æ®åº“è¡¨æˆåŠŸ
Shansec3033-03-117 - 110:117:00.105	[34minfo[0m	E:/minor/Go/src/go-vue-admin/initialize/router.go:32	router register sucess
Shansec3033-03-117 - 110:117:00.105	[34minfo[0m	E:/minor/Go/src/go-vue-admin/core/server.go:27	server run success on	{"address": ":8080"}
Shansec3033-03-117 - 110:117:00.651	[34minfo[0m	E:/minor/Go/src/go-vue-admin/initialize/gorm.go:30	åˆå§‹åŒ–æ•°æ®åº“è¡¨æˆåŠŸ
Shansec3033-03-117 - 110:117:00.677	[34minfo[0m	E:/minor/Go/src/go-vue-admin/initialize/router.go:32	router register sucess
Shansec3033-03-117 - 110:117:00.680	[34minfo[0m	E:/minor/Go/src/go-vue-admin/core/server.go:27	server run success on	{"address": ":8080"}
Shansec3035-03-117 - 110:117:00.734	[34minfo[0m	E:/minor/Go/src/go-vue-admin/initialize/gorm.go:30	åˆå§‹åŒ–æ•°æ®åº“è¡¨æˆåŠŸ
Shansec3035-03-117 - 110:117:00.760	[34minfo[0m	E:/minor/Go/src/go-vue-admin/initialize/router.go:32	router register sucess
Shansec3035-03-117 - 110:117:00.774	[34minfo[0m	E:/minor/Go/src/go-vue-admin/core/server.go:27	server run success on	{"address": ":8080"}
Shansec8089-08-117 - 110:117:00.013	[34minfo[0m	E:/minor/Go/src/go-vue-admin/initialize/gorm.go:30	åˆå§‹åŒ–æ•°æ®åº“è¡¨æˆåŠŸ
Shansec8089-08-117 - 110:117:00.042	[34minfo[0m	E:/minor/Go/src/go-vue-admin/initialize/router.go:32	router register sucess
Shansec8089-08-117 - 110:117:00.055	[34minfo[0m	E:/minor/Go/src/go-vue-admin/core/server.go:27	server run success on	{"address": ":8080"}
Shansec80811-08-117 - 110:117:00.184	[34minfo[0m	E:/minor/Go/src/go-vue-admin/initialize/gorm.go:30	åˆå§‹åŒ–æ•°æ®åº“è¡¨æˆåŠŸ
Shansec80811-08-117 - 110:117:00.208	[34minfo[0m	E:/minor/Go/src/go-vue-admin/initialize/router.go:32	router register sucess
Shansec80811-08-117 - 110:117:00.218	[34minfo[0m	E:/minor/Go/src/go-vue-admin/core/server.go:27	server run success on	{"address": ":8080"}
Shansec80811-08-117 - 110:117:00.419	[34minfo[0m	E:/minor/Go/src/go-vue-admin/initialize/gorm.go:30	åˆå§‹åŒ–æ•°æ®åº“è¡¨æˆåŠŸ
Shansec80811-08-117 - 110:117:00.443	[34minfo[0m	E:/minor/Go/src/go-vue-admin/initialize/router.go:32	router register sucess
Shansec80811-08-117 - 110:117:00.445	[34minfo[0m	E:/minor/Go/src/go-vue-admin/core/server.go:27	server run success on	{"address": ":8080"}
Shansec80811-08-117 - 110:117:00.183	[34minfo[0m	E:/minor/Go/src/go-vue-admin/initialize/gorm.go:30	åˆå§‹åŒ–æ•°æ®åº“è¡¨æˆåŠŸ
Shansec80811-08-117 - 110:117:00.206	[34minfo[0m	E:/minor/Go/src/go-vue-admin/initialize/router.go:32	router register sucess
Shansec80811-08-117 - 110:117:00.211	[34minfo[0m	E:/minor/Go/src/go-vue-admin/core/server.go:27	server run success on	{"address": ":8080"}
Shansec8083-08-117 - 110:117:00.225	[34minfo[0m	E:/minor/Go/src/go-vue-admin/initialize/gorm.go:30	åˆå§‹åŒ–æ•°æ®åº“è¡¨æˆåŠŸ
Shansec8083-08-117 - 110:117:00.248	[34minfo[0m	E:/minor/Go/src/go-vue-admin/initialize/router.go:32	router register sucess
Shansec8083-08-117 - 110:117:00.256	[34minfo[0m	E:/minor/Go/src/go-vue-admin/core/server.go:27	server run success on	{"address": ":8080"}
Shansec8083-08-117 - 110:117:00.431	[34minfo[0m	E:/minor/Go/src/go-vue-admin/initialize/gorm.go:30	åˆå§‹åŒ–æ•°æ®åº“è¡¨æˆåŠŸ
Shansec8083-08-117 - 110:117:00.455	[34minfo[0m	E:/minor/Go/src/go-vue-admin/initialize/router.go:32	router register sucess
Shansec8083-08-117 - 110:117:00.459	[34minfo[0m	E:/minor/Go/src/go-vue-admin/core/server.go:27	server run success on	{"address": ":8080"}
Shansec8084-08-117 - 110:117:00.020	[34minfo[0m	E:/minor/Go/src/go-vue-admin/initialize/gorm.go:30	åˆå§‹åŒ–æ•°æ®åº“è¡¨æˆåŠŸ
Shansec8084-08-117 - 110:117:00.045	[34minfo[0m	E:/minor/Go/src/go-vue-admin/initialize/router.go:32	router register sucess
Shansec8084-08-117 - 110:117:00.058	[34minfo[0m	E:/minor/Go/src/go-vue-admin/core/server.go:27	server run success on	{"address": ":8080"}
Shansec8084-08-117 - 110:117:00.858	[34minfo[0m	E:/minor/Go/src/go-vue-admin/initialize/gorm.go:30	åˆå§‹åŒ–æ•°æ®åº“è¡¨æˆåŠŸ
Shansec8084-08-117 - 110:117:00.880	[34minfo[0m	E:/minor/Go/src/go-vue-admin/initialize/router.go:32	router register sucess
Shansec8084-08-117 - 110:117:00.893	[34minfo[0m	E:/minor/Go/src/go-vue-admin/core/server.go:27	server run success on	{"address": ":8080"}
Shansec8084-08-117 - 110:117:00.161	[34minfo[0m	E:/minor/Go/src/go-vue-admin/initialize/gorm.go:30	åˆå§‹åŒ–æ•°æ®åº“è¡¨æˆåŠŸ
Shansec8084-08-117 - 110:117:00.184	[34minfo[0m	E:/minor/Go/src/go-vue-admin/initialize/router.go:32	router register sucess
Shansec8084-08-117 - 110:117:00.187	[34minfo[0m	E:/minor/Go/src/go-vue-admin/core/server.go:27	server run success on	{"address": ":8080"}
Shansec8084-08-117 - 110:117:00.885	[34minfo[0m	E:/minor/Go/src/go-vue-admin/initialize/gorm.go:30	åˆå§‹åŒ–æ•°æ®åº“è¡¨æˆåŠŸ
Shansec8084-08-117 - 110:117:00.911	[34minfo[0m	E:/minor/Go/src/go-vue-admin/initialize/router.go:32	router register sucess
Shansec8084-08-117 - 110:117:00.925	[34minfo[0m	E:/minor/Go/src/go-vue-admin/core/server.go:27	server run success on	{"address": ":8080"}
Shansec8084-08-117 - 110:117:00.155	[34minfo[0m	E:/minor/Go/src/go-vue-admin/initialize/gorm.go:30	åˆå§‹åŒ–æ•°æ®åº“è¡¨æˆåŠŸ
Shansec8084-08-117 - 110:117:00.179	[34minfo[0m	E:/minor/Go/src/go-vue-admin/initialize/router.go:32	router register sucess
Shansec8084-08-117 - 110:117:00.188	[34minfo[0m	E:/minor/Go/src/go-vue-admin/core/server.go:27	server run success on	{"address": ":8080"}
Shansec8085-08-117 - 110:117:00.655	[34minfo[0m	E:/minor/Go/src/go-vue-admin/initialize/gorm.go:30	åˆå§‹åŒ–æ•°æ®åº“è¡¨æˆåŠŸ
Shansec8085-08-117 - 110:117:00.679	[34minfo[0m	E:/minor/Go/src/go-vue-admin/initialize/router.go:32	router register sucess
Shansec8085-08-117 - 110:117:00.695	[34minfo[0m	E:/minor/Go/src/go-vue-admin/core/server.go:27	server run success on	{"address": ":8080"}
Shansec8085-08-117 - 110:117:00.587	[34minfo[0m	E:/minor/Go/src/go-vue-admin/initialize/gorm.go:30	åˆå§‹åŒ–æ•°æ®åº“è¡¨æˆåŠŸ
Shansec8085-08-117 - 110:117:00.618	[34minfo[0m	E:/minor/Go/src/go-vue-admin/initialize/router.go:32	router register sucess
Shansec8085-08-117 - 110:117:00.629	[34minfo[0m	E:/minor/Go/src/go-vue-admin/core/server.go:27	server run success on	{"address": ":8080"}
Shansec90911-09-117 - 110:117:00.410	[34minfo[0m	E:/minor/Go/src/go-vue-admin/initialize/gorm.go:30	åˆå§‹åŒ–æ•°æ®åº“è¡¨æˆåŠŸ
Shansec90911-09-117 - 110:117:00.438	[34minfo[0m	E:/minor/Go/src/go-vue-admin/initialize/router.go:32	router register sucess
Shansec90911-09-117 - 110:117:00.442	[34minfo[0m	E:/minor/Go/src/go-vue-admin/core/server.go:27	server run success on	{"address": ":8080"}
Shansec9092-09-117 - 110:117:00.723	[34minfo[0m	E:/minor/Go/src/go-vue-admin/initialize/gorm.go:30	åˆå§‹åŒ–æ•°æ®åº“è¡¨æˆåŠŸ
Shansec9092-09-117 - 110:117:00.745	[34minfo[0m	E:/minor/Go/src/go-vue-admin/initialize/router.go:32	router register sucess
Shansec9092-09-117 - 110:117:00.748	[34minfo[0m	E:/minor/Go/src/go-vue-admin/core/server.go:27	server run success on	{"address": ":8080"}
Shansec9094-09-117 - 110:117:00.913	[34minfo[0m	E:/minor/Go/src/go-vue-admin/initialize/gorm.go:30	åˆå§‹åŒ–æ•°æ®åº“è¡¨æˆåŠŸ
Shansec9094-09-117 - 110:117:00.934	[34minfo[0m	E:/minor/Go/src/go-vue-admin/initialize/router.go:32	router register sucess
Shansec9094-09-117 - 110:117:00.940	[34minfo[0m	E:/minor/Go/src/go-vue-admin/core/server.go:27	server run success on	{"address": ":8080"}
Shansec9094-09-117 - 110:117:00.598	[34minfo[0m	E:/minor/Go/src/go-vue-admin/initialize/gorm.go:30	åˆå§‹åŒ–æ•°æ®åº“è¡¨æˆåŠŸ
Shansec9094-09-117 - 110:117:00.622	[34minfo[0m	E:/minor/Go/src/go-vue-admin/initialize/router.go:32	router register sucess
Shansec9094-09-117 - 110:117:00.635	[34minfo[0m	E:/minor/Go/src/go-vue-admin/core/server.go:27	server run success on	{"address": ":8080"}
Shansec9094-09-117 - 110:117:00.196	[34minfo[0m	E:/minor/Go/src/go-vue-admin/initialize/gorm.go:30	åˆå§‹åŒ–æ•°æ®åº“è¡¨æˆåŠŸ
Shansec9094-09-117 - 110:117:00.218	[34minfo[0m	E:/minor/Go/src/go-vue-admin/initialize/router.go:32	router register sucess
Shansec9094-09-117 - 110:117:00.225	[34minfo[0m	E:/minor/Go/src/go-vue-admin/core/server.go:27	server run success on	{"address": ":8080"}
Shansec9095-09-117 - 110:117:00.902	[34minfo[0m	E:/minor/Go/src/go-vue-admin/initialize/gorm.go:30	åˆå§‹åŒ–æ•°æ®åº“è¡¨æˆåŠŸ
Shansec9095-09-117 - 110:117:00.929	[34minfo[0m	E:/minor/Go/src/go-vue-admin/initialize/router.go:32	router register sucess
Shansec9095-09-117 - 110:117:00.933	[34minfo[0m	E:/minor/Go/src/go-vue-admin/core/server.go:27	server run success on	{"address": ":8080"}
Shansec9095-09-117 - 110:117:00.075	[34minfo[0m	E:/minor/Go/src/go-vue-admin/initialize/gorm.go:30	åˆå§‹åŒ–æ•°æ®åº“è¡¨æˆåŠŸ
Shansec9095-09-117 - 110:117:00.097	[34minfo[0m	E:/minor/Go/src/go-vue-admin/initialize/router.go:32	router register sucess
Shansec9095-09-117 - 110:117:00.102	[34minfo[0m	E:/minor/Go/src/go-vue-admin/core/server.go:27	server run success on	{"address": ":8080"}
Shansec9095-09-117 - 110:117:00.947	[34minfo[0m	E:/minor/Go/src/go-vue-admin/initialize/gorm.go:30	åˆå§‹åŒ–æ•°æ®åº“è¡¨æˆåŠŸ
Shansec9095-09-117 - 110:117:00.968	[34minfo[0m	E:/minor/Go/src/go-vue-admin/initialize/router.go:32	router register sucess
Shansec9095-09-117 - 110:117:00.982	[34minfo[0m	E:/minor/Go/src/go-vue-admin/core/server.go:27	server run success on	{"address": ":8080"}
Shansec9095-09-117 - 110:117:00.627	[34minfo[0m	E:/minor/Go/src/go-vue-admin/initialize/gorm.go:30	åˆå§‹åŒ–æ•°æ®åº“è¡¨æˆåŠŸ
Shansec9095-09-117 - 110:117:00.649	[34minfo[0m	E:/minor/Go/src/go-vue-admin/initialize/router.go:32	router register sucess
Shansec9095-09-117 - 110:117:00.652	[34minfo[0m	E:/minor/Go/src/go-vue-admin/core/server.go:27	server run success on	{"address": ":8080"}
Shansec9095-09-117 - 110:117:00.576	[34minfo[0m	E:/minor/Go/src/go-vue-admin/initialize/gorm.go:30	åˆå§‹åŒ–æ•°æ®åº“è¡¨æˆåŠŸ
Shansec9095-09-117 - 110:117:00.602	[34minfo[0m	E:/minor/Go/src/go-vue-admin/initialize/router.go:32	router register sucess
Shansec9095-09-117 - 110:117:00.617	[34minfo[0m	E:/minor/Go/src/go-vue-admin/core/server.go:27	server run success on	{"address": ":8080"}
Shansec9095-09-117 - 110:117:00.022	[34minfo[0m	E:/minor/Go/src/go-vue-admin/initialize/gorm.go:30	åˆå§‹åŒ–æ•°æ®åº“è¡¨æˆåŠŸ
Shansec9095-09-117 - 110:117:00.044	[34minfo[0m	E:/minor/Go/src/go-vue-admin/initialize/router.go:32	router register sucess
Shansec9095-09-117 - 110:117:00.046	[34minfo[0m	E:/minor/Go/src/go-vue-admin/core/server.go:27	server run success on	{"address": ":8080"}
Shansec9095-09-117 - 110:117:00.003	[34minfo[0m	E:/minor/Go/src/go-vue-admin/initialize/gorm.go:30	åˆå§‹åŒ–æ•°æ®åº“è¡¨æˆåŠŸ
Shansec9095-09-117 - 110:117:00.026	[34minfo[0m	E:/minor/Go/src/go-vue-admin/initialize/router.go:32	router register sucess
Shansec9095-09-117 - 110:117:00.029	[34minfo[0m	E:/minor/Go/src/go-vue-admin/core/server.go:27	server run success on	{"address": ":8080"}
Shansec9095-09-117 - 110:117:00.846	[34minfo[0m	E:/minor/Go/src/go-vue-admin/initialize/gorm.go:30	åˆå§‹åŒ–æ•°æ®åº“è¡¨æˆåŠŸ
Shansec9095-09-117 - 110:117:00.868	[34minfo[0m	E:/minor/Go/src/go-vue-admin/initialize/router.go:32	router register sucess
Shansec9095-09-117 - 110:117:00.871	[34minfo[0m	E:/minor/Go/src/go-vue-admin/core/server.go:27	server run success on	{"address": ":8080"}
Shansec9095-09-117 - 110:117:00.727	[34minfo[0m	E:/minor/Go/src/go-vue-admin/initialize/gorm.go:30	åˆå§‹åŒ–æ•°æ®åº“è¡¨æˆåŠŸ
Shansec9095-09-117 - 110:117:00.750	[34minfo[0m	E:/minor/Go/src/go-vue-admin/initialize/router.go:32	router register sucess
Shansec9095-09-117 - 110:117:00.760	[34minfo[0m	E:/minor/Go/src/go-vue-admin/core/server.go:27	server run success on	{"address": ":8080"}
Shansec9095-09-117 - 110:117:00.592	[34minfo[0m	E:/minor/Go/src/go-vue-admin/initialize/gorm.go:30	åˆå§‹åŒ–æ•°æ®åº“è¡¨æˆåŠŸ
Shansec9095-09-117 - 110:117:00.620	[34minfo[0m	E:/minor/Go/src/go-vue-admin/initialize/router.go:32	router register sucess
Shansec9095-09-117 - 110:117:00.622	[34minfo[0m	E:/minor/Go/src/go-vue-admin/core/server.go:27	server run success on	{"address": ":8080"}
Shansec9095-09-117 - 110:117:00.402	[34minfo[0m	E:/minor/Go/src/go-vue-admin/initialize/gorm.go:30	åˆå§‹åŒ–æ•°æ®åº“è¡¨æˆåŠŸ
Shansec9095-09-117 - 110:117:00.426	[34minfo[0m	E:/minor/Go/src/go-vue-admin/initialize/router.go:32	router register sucess
Shansec9095-09-117 - 110:117:00.428	[34minfo[0m	E:/minor/Go/src/go-vue-admin/core/server.go:27	server run success on	{"address": ":8080"}
Shansec9096-09-117 - 110:117:00.909	[34minfo[0m	E:/minor/Go/src/go-vue-admin/initialize/gorm.go:30	åˆå§‹åŒ–æ•°æ®åº“è¡¨æˆåŠŸ
Shansec9096-09-117 - 110:117:00.931	[34minfo[0m	E:/minor/Go/src/go-vue-admin/initialize/router.go:32	router register sucess
Shansec9096-09-117 - 110:117:00.931	[34minfo[0m	E:/minor/Go/src/go-vue-admin/core/server.go:27	server run success on	{"address": ":8080"}
Shansec101010-10-117 - 110:117:00.452	[34minfo[0m	E:/minor/Go/src/go-vue-admin/initialize/gorm.go:31	åˆå§‹åŒ–æ•°æ®åº“è¡¨æˆåŠŸ
Shansec101010-10-117 - 110:117:00.474	[34minfo[0m	E:/minor/Go/src/go-vue-admin/initialize/router.go:32	router register sucess
Shansec101010-10-117 - 110:117:00.486	[34minfo[0m	E:/minor/Go/src/go-vue-admin/core/server.go:27	server run success on	{"address": ":8080"}
Shansec10103-10-117 - 110:117:00.912	[34minfo[0m	E:/minor/Go/src/go-vue-admin/initialize/gorm.go:31	åˆå§‹åŒ–æ•°æ®åº“è¡¨æˆåŠŸ
Shansec10103-10-117 - 110:117:00.937	[34minfo[0m	E:/minor/Go/src/go-vue-admin/initialize/router.go:32	router register sucess
Shansec10103-10-117 - 110:117:00.938	[34minfo[0m	E:/minor/Go/src/go-vue-admin/core/server.go:27	server run success on	{"address": ":8080"}
Shansec10103-10-117 - 110:117:00.448	[34minfo[0m	E:/minor/Go/src/go-vue-admin/initialize/gorm.go:31	åˆå§‹åŒ–æ•°æ®åº“è¡¨æˆåŠŸ
Shansec10103-10-117 - 110:117:00.471	[34minfo[0m	E:/minor/Go/src/go-vue-admin/initialize/router.go:32	router register sucess
Shansec10103-10-117 - 110:117:00.480	[34minfo[0m	E:/minor/Go/src/go-vue-admin/core/server.go:27	server run success on	{"address": ":8080"}
Shansec10103-10-117 - 110:117:00.714	[34minfo[0m	E:/minor/Go/src/go-vue-admin/initialize/gorm.go:31	åˆå§‹åŒ–æ•°æ®åº“è¡¨æˆåŠŸ
Shansec10103-10-117 - 110:117:00.737	[34minfo[0m	E:/minor/Go/src/go-vue-admin/initialize/router.go:33	router register sucess
Shansec10103-10-117 - 110:117:00.747	[34minfo[0m	E:/minor/Go/src/go-vue-admin/core/server.go:27	server run success on	{"address": ":8080"}
Shansec10103-10-117 - 110:117:00.068	[34minfo[0m	E:/minor/Go/src/go-vue-admin/initialize/gorm.go:31	åˆå§‹åŒ–æ•°æ®åº“è¡¨æˆåŠŸ
Shansec10103-10-117 - 110:117:00.092	[34minfo[0m	E:/minor/Go/src/go-vue-admin/initialize/router.go:33	router register sucess
Shansec10103-10-117 - 110:117:00.094	[34minfo[0m	E:/minor/Go/src/go-vue-admin/core/server.go:27	server run success on	{"address": ":8080"}
Shansec10103-10-117 - 110:117:00.493	[34minfo[0m	E:/minor/Go/src/go-vue-admin/initialize/gorm.go:31	åˆå§‹åŒ–æ•°æ®åº“è¡¨æˆåŠŸ
Shansec10103-10-117 - 110:117:00.522	[34minfo[0m	E:/minor/Go/src/go-vue-admin/initialize/router.go:33	router register sucess
Shansec10103-10-117 - 110:117:00.536	[34minfo[0m	E:/minor/Go/src/go-vue-admin/core/server.go:27	server run success on	{"address": ":8080"}
Shansec10104-10-117 - 110:117:00.975	[34minfo[0m	E:/minor/Go/src/go-vue-admin/initialize/gorm.go:31	åˆå§‹åŒ–æ•°æ®åº“è¡¨æˆåŠŸ
Shansec10104-10-117 - 110:117:00.000	[34minfo[0m	E:/minor/Go/src/go-vue-admin/initialize/router.go:33	router register sucess
Shansec10104-10-117 - 110:117:00.007	[34minfo[0m	E:/minor/Go/src/go-vue-admin/core/server.go:27	server run success on	{"address": ":8080"}
Shansec10104-10-117 - 110:117:00.773	[34minfo[0m	E:/minor/Go/src/go-vue-admin/initialize/gorm.go:31	åˆå§‹åŒ–æ•°æ®åº“è¡¨æˆåŠŸ
Shansec10104-10-117 - 110:117:00.798	[34minfo[0m	E:/minor/Go/src/go-vue-admin/initialize/router.go:33	router register sucess
Shansec10104-10-117 - 110:117:00.808	[34minfo[0m	E:/minor/Go/src/go-vue-admin/core/server.go:27	server run success on	{"address": ":8080"}
Shansec10104-10-117 - 110:117:00.850	[34minfo[0m	E:/minor/Go/src/go-vue-admin/initialize/gorm.go:31	åˆå§‹åŒ–æ•°æ®åº“è¡¨æˆåŠŸ
Shansec10104-10-117 - 110:117:00.876	[34minfo[0m	E:/minor/Go/src/go-vue-admin/initialize/router.go:33	router register sucess
Shansec10104-10-117 - 110:117:00.879	[34minfo[0m	E:/minor/Go/src/go-vue-admin/core/server.go:27	server run success on	{"address": ":8080"}
Shansec10106-10-117 - 110:117:00.212	[34minfo[0m	E:/minor/Go/src/go-vue-admin/initialize/gorm.go:31	åˆå§‹åŒ–æ•°æ®åº“è¡¨æˆåŠŸ
Shansec10106-10-117 - 110:117:00.235	[34minfo[0m	E:/minor/Go/src/go-vue-admin/initialize/router.go:33	router register sucess
Shansec10106-10-117 - 110:117:00.247	[34minfo[0m	E:/minor/Go/src/go-vue-admin/core/server.go:27	server run success on	{"address": ":8080"}
Shansec11112-11-117 - 110:117:00.161	[34minfo[0m	E:/minor/Go/src/go-vue-admin/initialize/gorm.go:31	åˆå§‹åŒ–æ•°æ®åº“è¡¨æˆåŠŸ
Shansec11112-11-117 - 110:117:00.189	[34minfo[0m	E:/minor/Go/src/go-vue-admin/initialize/router.go:33	router register sucess
Shansec11112-11-117 - 110:117:00.197	[34minfo[0m	E:/minor/Go/src/go-vue-admin/core/server.go:27	server run success on	{"address": ":8080"}
Shansec13134-13-117 - 110:117:00.330	[34minfo[0m	E:/minor/Go/src/go-vue-admin/initialize/gorm.go:31	åˆå§‹åŒ–æ•°æ®åº“è¡¨æˆåŠŸ
Shansec13134-13-117 - 110:117:00.356	[34minfo[0m	E:/minor/Go/src/go-vue-admin/initialize/router.go:33	router register sucess
Shansec13134-13-117 - 110:117:00.367	[34minfo[0m	E:/minor/Go/src/go-vue-admin/core/server.go:27	server run success on	{"address": ":8080"}
Shansec14144-14-117 - 110:117:00.160	[34minfo[0m	E:/minor/Go/src/go-vue-admin/initialize/gorm.go:31	åˆå§‹åŒ–æ•°æ®åº“è¡¨æˆåŠŸ
Shansec14144-14-117 - 110:117:00.188	[34minfo[0m	E:/minor/Go/src/go-vue-admin/initialize/router.go:33	router register sucess
Shansec14144-14-117 - 110:117:00.202	[34minfo[0m	E:/minor/Go/src/go-vue-admin/core/server.go:27	server run success on	{"address": ":8080"}
Shansec14144-14-117 - 110:117:00.726	[34minfo[0m	E:/minor/Go/src/go-vue-admin/initialize/gorm.go:31	åˆå§‹åŒ–æ•°æ®åº“è¡¨æˆåŠŸ
Shansec14144-14-117 - 110:117:00.755	[34minfo[0m	E:/minor/Go/src/go-vue-admin/initialize/router.go:33	router register sucess
Shansec14144-14-117 - 110:117:00.758	[34minfo[0m	E:/minor/Go/src/go-vue-admin/core/server.go:27	server run success on	{"address": ":8080"}
Shansec14145-14-117 - 110:117:00.776	[34minfo[0m	E:/minor/Go/src/go-vue-admin/initialize/gorm.go:31	åˆå§‹åŒ–æ•°æ®åº“è¡¨æˆåŠŸ
Shansec14145-14-117 - 110:117:00.800	[34minfo[0m	E:/minor/Go/src/go-vue-admin/initialize/router.go:33	router register sucess
Shansec14145-14-117 - 110:117:00.805	[34minfo[0m	E:/minor/Go/src/go-vue-admin/core/server.go:27	server run success on	{"address": ":8080"}
Shansec14145-14-117 - 110:117:00.138	[34minfo[0m	E:/minor/Go/src/go-vue-admin/initialize/gorm.go:31	åˆå§‹åŒ–æ•°æ®åº“è¡¨æˆåŠŸ
Shansec14145-14-117 - 110:117:00.161	[34minfo[0m	E:/minor/Go/src/go-vue-admin/initialize/router.go:33	router register sucess
Shansec14145-14-117 - 110:117:00.164	[34minfo[0m	E:/minor/Go/src/go-vue-admin/core/server.go:27	server run success on	{"address": ":8080"}
Shansec14145-14-117 - 110:117:00.600	[34minfo[0m	E:/minor/Go/src/go-vue-admin/initialize/gorm.go:31	åˆå§‹åŒ–æ•°æ®åº“è¡¨æˆåŠŸ
Shansec14145-14-117 - 110:117:00.624	[34minfo[0m	E:/minor/Go/src/go-vue-admin/initialize/router.go:33	router register sucess
Shansec14145-14-117 - 110:117:00.638	[34minfo[0m	E:/minor/Go/src/go-vue-admin/core/server.go:27	server run success on	{"address": ":8080"}
Shansec14145-14-117 - 110:117:00.066	[34minfo[0m	E:/minor/Go/src/go-vue-admin/initialize/gorm.go:31	åˆå§‹åŒ–æ•°æ®åº“è¡¨æˆåŠŸ
Shansec14145-14-117 - 110:117:00.091	[34minfo[0m	E:/minor/Go/src/go-vue-admin/initialize/router.go:33	router register sucess
Shansec14145-14-117 - 110:117:00.105	[34minfo[0m	E:/minor/Go/src/go-vue-admin/core/server.go:27	server run success on	{"address": ":8080"}
Shansec14145-14-117 - 110:117:00.988	[34minfo[0m	E:/minor/Go/src/go-vue-admin/initialize/gorm.go:31	åˆå§‹åŒ–æ•°æ®åº“è¡¨æˆåŠŸ
Shansec14145-14-117 - 110:117:00.011	[34minfo[0m	E:/minor/Go/src/go-vue-admin/initialize/router.go:33	router register sucess
Shansec14145-14-117 - 110:117:00.024	[34minfo[0m	E:/minor/Go/src/go-vue-admin/core/server.go:27	server run success on	{"address": ":8080"}
Shansec14145-14-117 - 110:117:00.660	[34minfo[0m	E:/minor/Go/src/go-vue-admin/initialize/gorm.go:31	åˆå§‹åŒ–æ•°æ®åº“è¡¨æˆåŠŸ
Shansec14145-14-117 - 110:117:00.684	[34minfo[0m	E:/minor/Go/src/go-vue-admin/initialize/router.go:33	router register sucess
Shansec14145-14-117 - 110:117:00.685	[34minfo[0m	E:/minor/Go/src/go-vue-admin/core/server.go:27	server run success on	{"address": ":8080"}
Shansec15154-15-117 - 110:117:00.535	[34minfo[0m	E:/minor/Go/src/go-vue-admin/initialize/gorm.go:31	åˆå§‹åŒ–æ•°æ®åº“è¡¨æˆåŠŸ
Shansec15154-15-117 - 110:117:00.562	[34minfo[0m	E:/minor/Go/src/go-vue-admin/initialize/router.go:33	router register sucess
Shansec15154-15-117 - 110:117:00.563	[34minfo[0m	E:/minor/Go/src/go-vue-admin/core/server.go:27	server run success on	{"address": ":8080"}
Shansec15155-15-117 - 110:117:00.528	[34minfo[0m	E:/minor/Go/src/go-vue-admin/initialize/gorm.go:31	åˆå§‹åŒ–æ•°æ®åº“è¡¨æˆåŠŸ
Shansec15155-15-117 - 110:117:00.551	[34minfo[0m	E:/minor/Go/src/go-vue-admin/initialize/router.go:33	router register sucess
Shansec15155-15-117 - 110:117:00.561	[34minfo[0m	E:/minor/Go/src/go-vue-admin/core/server.go:27	server run success on	{"address": ":8080"}
Shansec15155-15-117 - 110:117:00.819	[34minfo[0m	E:/minor/Go/src/go-vue-admin/initialize/gorm.go:31	åˆå§‹åŒ–æ•°æ®åº“è¡¨æˆåŠŸ
Shansec15155-15-117 - 110:117:00.842	[34minfo[0m	E:/minor/Go/src/go-vue-admin/initialize/router.go:33	router register sucess
Shansec15155-15-117 - 110:117:00.859	[34minfo[0m	E:/minor/Go/src/go-vue-admin/core/server.go:27	server run success on	{"address": ":8080"}
Shansec15155-15-117 - 110:117:00.700	[34minfo[0m	E:/minor/Go/src/go-vue-admin/initialize/gorm.go:31	åˆå§‹åŒ–æ•°æ®åº“è¡¨æˆåŠŸ
Shansec15155-15-117 - 110:117:00.722	[34minfo[0m	E:/minor/Go/src/go-vue-admin/initialize/router.go:33	router register sucess
Shansec15155-15-117 - 110:117:00.730	[34minfo[0m	E:/minor/Go/src/go-vue-admin/core/server.go:27	server run success on	{"address": ":8080"}
Shansec161611-16-117 - 110:117:00.764	[34minfo[0m	E:/minor/Go/src/go-vue-admin/initialize/gorm.go:31	åˆå§‹åŒ–æ•°æ®åº“è¡¨æˆåŠŸ
Shansec161611-16-117 - 110:117:00.792	[34minfo[0m	E:/minor/Go/src/go-vue-admin/initialize/router.go:33	router register sucess
Shansec161611-16-117 - 110:117:00.806	[34minfo[0m	E:/minor/Go/src/go-vue-admin/core/server.go:27	server run success on	{"address": ":8080"}
Shansec16162-16-117 - 110:117:00.446	[34minfo[0m	E:/minor/Go/src/go-vue-admin/initialize/gorm.go:31	åˆå§‹åŒ–æ•°æ®åº“è¡¨æˆåŠŸ
Shansec16162-16-117 - 110:117:00.472	[34minfo[0m	E:/minor/Go/src/go-vue-admin/initialize/router.go:33	router register sucess
Shansec16162-16-117 - 110:117:00.473	[34minfo[0m	E:/minor/Go/src/go-vue-admin/core/server.go:27	server run success on	{"address": ":8080"}
Shansec16163-16-117 - 110:117:00.752	[34minfo[0m	E:/minor/Go/src/go-vue-admin/initialize/gorm.go:31	åˆå§‹åŒ–æ•°æ®åº“è¡¨æˆåŠŸ
Shansec16163-16-117 - 110:117:00.776	[34minfo[0m	E:/minor/Go/src/go-vue-admin/initialize/router.go:33	router register sucess
Shansec16163-16-117 - 110:117:00.777	[34minfo[0m	E:/minor/Go/src/go-vue-admin/core/server.go:27	server run success on	{"address": ":8080"}
Shansec16163-16-117 - 110:117:00.993	[34minfo[0m	E:/minor/Go/src/go-vue-admin/initialize/gorm.go:31	åˆå§‹åŒ–æ•°æ®åº“è¡¨æˆåŠŸ
Shansec16163-16-117 - 110:117:00.017	[34minfo[0m	E:/minor/Go/src/go-vue-admin/initialize/router.go:33	router register sucess
Shansec16163-16-117 - 110:117:00.026	[34minfo[0m	E:/minor/Go/src/go-vue-admin/core/server.go:27	server run success on	{"address": ":8080"}
Shansec16163-16-117 - 110:117:00.012	[34minfo[0m	E:/minor/Go/src/go-vue-admin/initialize/gorm.go:31	åˆå§‹åŒ–æ•°æ®åº“è¡¨æˆåŠŸ
Shansec16163-16-117 - 110:117:00.035	[34minfo[0m	E:/minor/Go/src/go-vue-admin/initialize/router.go:33	router register sucess
Shansec16163-16-117 - 110:117:00.046	[34minfo[0m	E:/minor/Go/src/go-vue-admin/core/server.go:27	server run success on	{"address": ":8080"}
Shansec16164-16-117 - 110:117:00.968	[34minfo[0m	E:/minor/Go/src/go-vue-admin/initialize/gorm.go:31	åˆå§‹åŒ–æ•°æ®åº“è¡¨æˆåŠŸ
Shansec16164-16-117 - 110:117:00.995	[34minfo[0m	E:/minor/Go/src/go-vue-admin/initialize/router.go:33	router register sucess
Shansec16164-16-117 - 110:117:00.999	[34minfo[0m	E:/minor/Go/src/go-vue-admin/core/server.go:27	server run success on	{"address": ":8080"}
Shansec16164-16-117 - 110:117:00.046	[34minfo[0m	E:/minor/Go/src/go-vue-admin/initialize/gorm.go:31	åˆå§‹åŒ–æ•°æ®åº“è¡¨æˆåŠŸ
Shansec16164-16-117 - 110:117:00.071	[34minfo[0m	E:/minor/Go/src/go-vue-admin/initialize/router.go:33	router register sucess
Shansec16164-16-117 - 110:117:00.083	[34minfo[0m	E:/minor/Go/src/go-vue-admin/core/server.go:27	server run success on	{"address": ":8080"}
Shansec16164-16-117 - 110:117:00.740	[34minfo[0m	E:/minor/Go/src/go-vue-admin/initialize/gorm.go:31	åˆå§‹åŒ–æ•°æ®åº“è¡¨æˆåŠŸ
Shansec16164-16-117 - 110:117:00.764	[34minfo[0m	E:/minor/Go/src/go-vue-admin/initialize/router.go:33	router register sucess
Shansec16164-16-117 - 110:117:00.766	[34minfo[0m	E:/minor/Go/src/go-vue-admin/core/server.go:27	server run success on	{"address": ":8080"}
Shansec16164-16-117 - 110:117:00.783	[34minfo[0m	E:/minor/Go/src/go-vue-admin/initialize/gorm.go:31	åˆå§‹åŒ–æ•°æ®åº“è¡¨æˆåŠŸ
Shansec16164-16-117 - 110:117:00.808	[34minfo[0m	E:/minor/Go/src/go-vue-admin/initialize/router.go:33	router register sucess
Shansec16164-16-117 - 110:117:00.821	[34minfo[0m	E:/minor/Go/src/go-vue-admin/core/server.go:27	server run success on	{"address": ":8080"}
Shansec16164-16-117 - 110:117:00.519	[34minfo[0m	E:/minor/Go/src/go-vue-admin/initialize/gorm.go:31	åˆå§‹åŒ–æ•°æ®åº“è¡¨æˆåŠŸ
Shansec16164-16-117 - 110:117:00.542	[34minfo[0m	E:/minor/Go/src/go-vue-admin/initialize/router.go:33	router register sucess
Shansec16164-16-117 - 110:117:00.545	[34minfo[0m	E:/minor/Go/src/go-vue-admin/core/server.go:27	server run success on	{"address": ":8080"}
Shansec16165-16-117 - 110:117:00.599	[34minfo[0m	E:/minor/Go/src/go-vue-admin/initialize/gorm.go:31	åˆå§‹åŒ–æ•°æ®åº“è¡¨æˆåŠŸ
Shansec16165-16-117 - 110:117:00.627	[34minfo[0m	E:/minor/Go/src/go-vue-admin/initialize/router.go:33	router register sucess
Shansec16165-16-117 - 110:117:00.632	[34minfo[0m	E:/minor/Go/src/go-vue-admin/core/server.go:27	server run success on	{"address": ":8080"}
Shansec17174-17-117 - 110:117:00.557	[34minfo[0m	E:/minor/Go/src/go-vue-admin/initialize/gorm.go:31	åˆå§‹åŒ–æ•°æ®åº“è¡¨æˆåŠŸ
Shansec17174-17-117 - 110:117:00.587	[34minfo[0m	E:/minor/Go/src/go-vue-admin/initialize/router.go:33	router register sucess
Shansec17174-17-117 - 110:117:00.590	[34minfo[0m	E:/minor/Go/src/go-vue-admin/core/server.go:27	server run success on	{"address": ":8080"}
Shansec17176-17-117 - 110:117:00.408	[34minfo[0m	E:/minor/Go/src/go-vue-admin/initialize/gorm.go:31	åˆå§‹åŒ–æ•°æ®åº“è¡¨æˆåŠŸ
Shansec17176-17-117 - 110:117:00.436	[34minfo[0m	E:/minor/Go/src/go-vue-admin/initialize/router.go:33	router register sucess
Shansec17176-17-117 - 110:117:00.444	[34minfo[0m	E:/minor/Go/src/go-vue-admin/core/server.go:27	server run success on	{"address": ":8080"}
Shansec21215-21-117 - 110:117:00.514	[34minfo[0m	E:/minor/Go/src/go-vue-admin/initialize/gorm.go:31	åˆå§‹åŒ–æ•°æ®åº“è¡¨æˆåŠŸ
Shansec21215-21-117 - 110:117:00.539	[34minfo[0m	E:/minor/Go/src/go-vue-admin/initialize/router.go:33	router register sucess
Shansec21215-21-117 - 110:117:00.542	[34minfo[0m	E:/minor/Go/src/go-vue-admin/core/server.go:27	server run success on	{"address": ":8080"}
Shansec29296-29-117 - 110:117:00.968	[34minfo[0m	E:/minor/Go/src/go-vue-admin/initialize/gorm.go:31	åˆå§‹åŒ–æ•°æ®åº“è¡¨æˆåŠŸ
Shansec29296-29-117 - 110:117:00.002	[34minfo[0m	E:/minor/Go/src/go-vue-admin/initialize/router.go:33	router register sucess
Shansec29296-29-117 - 110:117:00.013	[34minfo[0m	E:/minor/Go/src/go-vue-admin/core/server.go:27	server run success on	{"address": ":8080"}
Shansec30305-30-117 - 110:117:00.520	[34minfo[0m	E:/minor/Go/src/go-vue-admin/initialize/gorm.go:31	åˆå§‹åŒ–æ•°æ®åº“è¡¨æˆåŠŸ
Shansec30305-30-117 - 110:117:00.546	[34minfo[0m	E:/minor/Go/src/go-vue-admin/initialize/router.go:33	router register sucess
Shansec30305-30-117 - 110:117:00.550	[34minfo[0m	E:/minor/Go/src/go-vue-admin/core/server.go:27	server run success on	{"address": ":8080"}
Shansec10111-01-127 - 120:127:00.340	[34minfo[0m	E:/minor/Go/src/go-vue-admin/initialize/gorm.go:31	åˆå§‹åŒ–æ•°æ®åº“è¡¨æˆåŠŸ
Shansec10111-01-127 - 120:127:00.366	[34minfo[0m	E:/minor/Go/src/go-vue-admin/initialize/router.go:33	router register sucess
Shansec10111-01-127 - 120:127:00.378	[34minfo[0m	E:/minor/Go/src/go-vue-admin/core/server.go:27	server run success on	{"address": ":8080"}
Shansec7076-07-127 - 120:127:00.938	[34minfo[0m	E:/minor/Go/src/go-vue-admin/initialize/gorm.go:31	åˆå§‹åŒ–æ•°æ®åº“è¡¨æˆåŠŸ
Shansec7076-07-127 - 120:127:00.965	[34minfo[0m	E:/minor/Go/src/go-vue-admin/initialize/router.go:33	router register sucess
Shansec7076-07-127 - 120:127:00.977	[34minfo[0m	E:/minor/Go/src/go-vue-admin/core/server.go:27	server run success on	{"address": ":8080"}
Shansec8085-08-127 - 120:127:00.488	[34minfo[0m	E:/minor/Go/src/go-vue-admin/initialize/gorm.go:31	åˆå§‹åŒ–æ•°æ®åº“è¡¨æˆåŠŸ
Shansec8085-08-127 - 120:127:00.519	[34minfo[0m	E:/minor/Go/src/go-vue-admin/initialize/router.go:33	router register sucess
Shansec8085-08-127 - 120:127:00.528	[34minfo[0m	E:/minor/Go/src/go-vue-admin/core/server.go:27	server run success on	{"address": ":8080"}
Shansec8085-08-127 - 120:127:00.994	[34minfo[0m	E:/minor/Go/src/go-vue-admin/initialize/gorm.go:31	åˆå§‹åŒ–æ•°æ®åº“è¡¨æˆåŠŸ
Shansec8085-08-127 - 120:127:00.019	[34minfo[0m	E:/minor/Go/src/go-vue-admin/initialize/router.go:33	router register sucess
Shansec8085-08-127 - 120:127:00.030	[34minfo[0m	E:/minor/Go/src/go-vue-admin/core/server.go:27	server run success on	{"address": ":8080"}
Shansec8085-08-127 - 120:127:00.087	[34minfo[0m	E:/minor/Go/src/go-vue-admin/initialize/gorm.go:31	åˆå§‹åŒ–æ•°æ®åº“è¡¨æˆåŠŸ
Shansec8085-08-127 - 120:127:00.118	[34minfo[0m	E:/minor/Go/src/go-vue-admin/initialize/router.go:33	router register sucess
Shansec8085-08-127 - 120:127:00.123	[34minfo[0m	E:/minor/Go/src/go-vue-admin/core/server.go:27	server run success on	{"address": ":8080"}
Shansec8085-08-127 - 120:127:00.759	[34minfo[0m	E:/minor/Go/src/go-vue-admin/initialize/gorm.go:31	åˆå§‹åŒ–æ•°æ®åº“è¡¨æˆåŠŸ
Shansec8085-08-127 - 120:127:00.792	[34minfo[0m	E:/minor/Go/src/go-vue-admin/initialize/router.go:33	router register sucess
Shansec8085-08-127 - 120:127:00.794	[34minfo[0m	E:/minor/Go/src/go-vue-admin/core/server.go:27	server run success on	{"address": ":8080"}
Shansec8085-08-127 - 120:127:00.654	[34minfo[0m	E:/minor/Go/src/go-vue-admin/initialize/gorm.go:31	åˆå§‹åŒ–æ•°æ®åº“è¡¨æˆåŠŸ
Shansec8085-08-127 - 120:127:00.679	[34minfo[0m	E:/minor/Go/src/go-vue-admin/initialize/router.go:33	router register sucess
Shansec8085-08-127 - 120:127:00.689	[34minfo[0m	E:/minor/Go/src/go-vue-admin/core/server.go:27	server run success on	{"address": ":8080"}
Shansec8085-08-127 - 120:127:00.428	[34minfo[0m	E:/minor/Go/src/go-vue-admin/initialize/gorm.go:31	åˆå§‹åŒ–æ•°æ®åº“è¡¨æˆåŠŸ
Shansec8085-08-127 - 120:127:00.453	[34minfo[0m	E:/minor/Go/src/go-vue-admin/initialize/router.go:33	router register sucess
Shansec8085-08-127 - 120:127:00.465	[34minfo[0m	E:/minor/Go/src/go-vue-admin/core/server.go:27	server run success on	{"address": ":8080"}
Shansec8085-08-127 - 120:127:00.395	[34minfo[0m	E:/minor/Go/src/go-vue-admin/initialize/gorm.go:31	åˆå§‹åŒ–æ•°æ®åº“è¡¨æˆåŠŸ
Shansec8085-08-127 - 120:127:00.420	[34minfo[0m	E:/minor/Go/src/go-vue-admin/initialize/router.go:33	router register sucess
Shansec8085-08-127 - 120:127:00.432	[34minfo[0m	E:/minor/Go/src/go-vue-admin/core/server.go:27	server run success on	{"address": ":8080"}
Shansec8085-08-127 - 120:127:00.258	[34minfo[0m	E:/minor/Go/src/go-vue-admin/initialize/gorm.go:31	åˆå§‹åŒ–æ•°æ®åº“è¡¨æˆåŠŸ
Shansec8085-08-127 - 120:127:00.291	[34minfo[0m	E:/minor/Go/src/go-vue-admin/initialize/router.go:33	router register sucess
Shansec8085-08-127 - 120:127:00.296	[34minfo[0m	E:/minor/Go/src/go-vue-admin/core/server.go:27	server run success on	{"address": ":8080"}
Shansec8085-08-127 - 120:127:00.771	[34minfo[0m	E:/minor/Go/src/go-vue-admin/initialize/gorm.go:31	åˆå§‹åŒ–æ•°æ®åº“è¡¨æˆåŠŸ
Shansec8085-08-127 - 120:127:00.801	[34minfo[0m	E:/minor/Go/src/go-vue-admin/initialize/router.go:33	router register sucess
Shansec8085-08-127 - 120:127:00.803	[34minfo[0m	E:/minor/Go/src/go-vue-admin/core/server.go:27	server run success on	{"address": ":8080"}
Shansec8086-08-127 - 120:127:00.288	[34minfo[0m	E:/minor/Go/src/go-vue-admin/initialize/gorm.go:31	åˆå§‹åŒ–æ•°æ®åº“è¡¨æˆåŠŸ
Shansec8086-08-127 - 120:127:00.322	[34minfo[0m	E:/minor/Go/src/go-vue-admin/initialize/router.go:33	router register sucess
Shansec8086-08-127 - 120:127:00.326	[34minfo[0m	E:/minor/Go/src/go-vue-admin/core/server.go:27	server run success on	{"address": ":8080"}
Shansec8086-08-127 - 120:127:00.973	[34minfo[0m	E:/minor/Go/src/go-vue-admin/initialize/gorm.go:31	åˆå§‹åŒ–æ•°æ®åº“è¡¨æˆåŠŸ
Shansec8086-08-127 - 120:127:00.999	[34minfo[0m	E:/minor/Go/src/go-vue-admin/initialize/router.go:33	router register sucess
Shansec8086-08-127 - 120:127:00.005	[34minfo[0m	E:/minor/Go/src/go-vue-admin/core/server.go:27	server run success on	{"address": ":8080"}
Shansec8086-08-127 - 120:127:00.731	[34minfo[0m	E:/minor/Go/src/go-vue-admin/initialize/gorm.go:31	åˆå§‹åŒ–æ•°æ®åº“è¡¨æˆåŠŸ
Shansec8086-08-127 - 120:127:00.758	[34minfo[0m	E:/minor/Go/src/go-vue-admin/initialize/router.go:33	router register sucess
Shansec8086-08-127 - 120:127:00.764	[34minfo[0m	E:/minor/Go/src/go-vue-admin/core/server.go:27	server run success on	{"address": ":8080"}
Shansec8086-08-127 - 120:127:00.922	[34minfo[0m	E:/minor/Go/src/go-vue-admin/initialize/gorm.go:31	åˆå§‹åŒ–æ•°æ®åº“è¡¨æˆåŠŸ
Shansec8086-08-127 - 120:127:00.951	[34minfo[0m	E:/minor/Go/src/go-vue-admin/initialize/router.go:33	router register sucess
Shansec8086-08-127 - 120:127:00.953	[34minfo[0m	E:/minor/Go/src/go-vue-admin/core/server.go:27	server run success on	{"address": ":8080"}
Shansec8086-08-127 - 120:127:00.744	[34minfo[0m	E:/minor/Go/src/go-vue-admin/initialize/gorm.go:31	åˆå§‹åŒ–æ•°æ®åº“è¡¨æˆåŠŸ
Shansec8086-08-127 - 120:127:00.769	[34minfo[0m	E:/minor/Go/src/go-vue-admin/initialize/router.go:33	router register sucess
Shansec8086-08-127 - 120:127:00.774	[34minfo[0m	E:/minor/Go/src/go-vue-admin/core/server.go:27	server run success on	{"address": ":8080"}
Shansec8086-08-127 - 120:127:00.488	[34minfo[0m	E:/minor/Go/src/go-vue-admin/initialize/gorm.go:31	åˆå§‹åŒ–æ•°æ®åº“è¡¨æˆåŠŸ
Shansec8086-08-127 - 120:127:00.513	[34minfo[0m	E:/minor/Go/src/go-vue-admin/initialize/router.go:33	router register sucess
Shansec8086-08-127 - 120:127:00.528	[34minfo[0m	E:/minor/Go/src/go-vue-admin/core/server.go:27	server run success on	{"address": ":8080"}
